{"F:\\Hexlet\\Projects\\PageLoader\\backend-project-lvl3\\src\\index.js": {"path":"F:\\Hexlet\\Projects\\PageLoader\\backend-project-lvl3\\src\\index.js","statementMap":{"0":{"start":{"line":7,"column":22},"end":{"line":10,"column":1}},"1":{"start":{"line":8,"column":13},"end":{"line":8,"column":38}},"2":{"start":{"line":9,"column":2},"end":{"line":9,"column":69}},"3":{"start":{"line":9,"column":36},"end":{"line":9,"column":57}},"4":{"start":{"line":12,"column":16},"end":{"line":20,"column":4}},"5":{"start":{"line":12,"column":46},"end":{"line":20,"column":4}},"6":{"start":{"line":15,"column":4},"end":{"line":18,"column":5}},"7":{"start":{"line":16,"column":6},"end":{"line":16,"column":61}},"8":{"start":{"line":17,"column":6},"end":{"line":17,"column":34}},"9":{"start":{"line":19,"column":4},"end":{"line":19,"column":16}},"10":{"start":{"line":22,"column":19},"end":{"line":30,"column":4}},"11":{"start":{"line":22,"column":49},"end":{"line":30,"column":4}},"12":{"start":{"line":25,"column":4},"end":{"line":28,"column":5}},"13":{"start":{"line":26,"column":6},"end":{"line":26,"column":61}},"14":{"start":{"line":27,"column":6},"end":{"line":27,"column":34}},"15":{"start":{"line":29,"column":4},"end":{"line":29,"column":16}},"16":{"start":{"line":32,"column":18},"end":{"line":33,"column":29}},"17":{"start":{"line":32,"column":40},"end":{"line":33,"column":29}},"18":{"start":{"line":37,"column":13},"end":{"line":61,"column":1}},"19":{"start":{"line":41,"column":33},"end":{"line":41,"column":40}},"20":{"start":{"line":42,"column":35},"end":{"line":42,"column":95}},"21":{"start":{"line":42,"column":49},"end":{"line":42,"column":95}},"22":{"start":{"line":47,"column":34},"end":{"line":51,"column":5}},"23":{"start":{"line":52,"column":35},"end":{"line":52,"column":90}},"24":{"start":{"line":52,"column":49},"end":{"line":52,"column":90}},"25":{"start":{"line":57,"column":33},"end":{"line":57,"column":40}},"26":{"start":{"line":58,"column":35},"end":{"line":58,"column":95}},"27":{"start":{"line":58,"column":49},"end":{"line":58,"column":95}},"28":{"start":{"line":63,"column":21},"end":{"line":89,"column":1}},"29":{"start":{"line":64,"column":12},"end":{"line":64,"column":30}},"30":{"start":{"line":65,"column":19},"end":{"line":65,"column":21}},"31":{"start":{"line":66,"column":15},"end":{"line":66,"column":33}},"32":{"start":{"line":68,"column":2},"end":{"line":85,"column":5}},"33":{"start":{"line":69,"column":4},"end":{"line":84,"column":7}},"34":{"start":{"line":70,"column":18},"end":{"line":70,"column":48}},"35":{"start":{"line":71,"column":6},"end":{"line":83,"column":7}},"36":{"start":{"line":72,"column":25},"end":{"line":72,"column":40}},"37":{"start":{"line":73,"column":28},"end":{"line":73,"column":86}},"38":{"start":{"line":74,"column":28},"end":{"line":74,"column":73}},"39":{"start":{"line":76,"column":24},"end":{"line":77,"column":68}},"40":{"start":{"line":79,"column":8},"end":{"line":79,"column":31}},"41":{"start":{"line":82,"column":8},"end":{"line":82,"column":52}},"42":{"start":{"line":86,"column":21},"end":{"line":86,"column":60}},"43":{"start":{"line":87,"column":2},"end":{"line":87,"column":49}},"44":{"start":{"line":88,"column":2},"end":{"line":88,"column":18}},"45":{"start":{"line":91,"column":19},"end":{"line":101,"column":4}},"46":{"start":{"line":91,"column":43},"end":{"line":101,"column":4}},"47":{"start":{"line":91,"column":74},"end":{"line":91,"column":87}},"48":{"start":{"line":93,"column":17},"end":{"line":93,"column":35}},"49":{"start":{"line":95,"column":21},"end":{"line":95,"column":62}},"50":{"start":{"line":97,"column":21},"end":{"line":97,"column":69}},"51":{"start":{"line":99,"column":4},"end":{"line":100,"column":35}}},"fnMap":{"0":{"name":"(anonymous_0)","decl":{"start":{"line":7,"column":22},"end":{"line":7,"column":23}},"loc":{"start":{"line":7,"column":32},"end":{"line":10,"column":1}},"line":7},"1":{"name":"(anonymous_1)","decl":{"start":{"line":9,"column":28},"end":{"line":9,"column":29}},"loc":{"start":{"line":9,"column":36},"end":{"line":9,"column":57}},"line":9},"2":{"name":"(anonymous_2)","decl":{"start":{"line":12,"column":16},"end":{"line":12,"column":17}},"loc":{"start":{"line":12,"column":46},"end":{"line":20,"column":4}},"line":12},"3":{"name":"(anonymous_3)","decl":{"start":{"line":14,"column":9},"end":{"line":14,"column":10}},"loc":{"start":{"line":14,"column":20},"end":{"line":20,"column":3}},"line":14},"4":{"name":"(anonymous_4)","decl":{"start":{"line":22,"column":19},"end":{"line":22,"column":20}},"loc":{"start":{"line":22,"column":49},"end":{"line":30,"column":4}},"line":22},"5":{"name":"(anonymous_5)","decl":{"start":{"line":24,"column":9},"end":{"line":24,"column":10}},"loc":{"start":{"line":24,"column":20},"end":{"line":30,"column":3}},"line":24},"6":{"name":"(anonymous_6)","decl":{"start":{"line":32,"column":18},"end":{"line":32,"column":19}},"loc":{"start":{"line":32,"column":40},"end":{"line":33,"column":29}},"line":32},"7":{"name":"(anonymous_7)","decl":{"start":{"line":41,"column":20},"end":{"line":41,"column":21}},"loc":{"start":{"line":41,"column":33},"end":{"line":41,"column":40}},"line":41},"8":{"name":"(anonymous_8)","decl":{"start":{"line":42,"column":21},"end":{"line":42,"column":22}},"loc":{"start":{"line":42,"column":35},"end":{"line":42,"column":95}},"line":42},"9":{"name":"(anonymous_9)","decl":{"start":{"line":42,"column":35},"end":{"line":42,"column":36}},"loc":{"start":{"line":42,"column":49},"end":{"line":42,"column":95}},"line":42},"10":{"name":"(anonymous_10)","decl":{"start":{"line":47,"column":20},"end":{"line":47,"column":21}},"loc":{"start":{"line":47,"column":34},"end":{"line":51,"column":5}},"line":47},"11":{"name":"(anonymous_11)","decl":{"start":{"line":52,"column":21},"end":{"line":52,"column":22}},"loc":{"start":{"line":52,"column":35},"end":{"line":52,"column":90}},"line":52},"12":{"name":"(anonymous_12)","decl":{"start":{"line":52,"column":35},"end":{"line":52,"column":36}},"loc":{"start":{"line":52,"column":49},"end":{"line":52,"column":90}},"line":52},"13":{"name":"(anonymous_13)","decl":{"start":{"line":57,"column":20},"end":{"line":57,"column":21}},"loc":{"start":{"line":57,"column":33},"end":{"line":57,"column":40}},"line":57},"14":{"name":"(anonymous_14)","decl":{"start":{"line":58,"column":21},"end":{"line":58,"column":22}},"loc":{"start":{"line":58,"column":35},"end":{"line":58,"column":95}},"line":58},"15":{"name":"(anonymous_15)","decl":{"start":{"line":58,"column":35},"end":{"line":58,"column":36}},"loc":{"start":{"line":58,"column":49},"end":{"line":58,"column":95}},"line":58},"16":{"name":"(anonymous_16)","decl":{"start":{"line":63,"column":21},"end":{"line":63,"column":22}},"loc":{"start":{"line":63,"column":57},"end":{"line":89,"column":1}},"line":63},"17":{"name":"(anonymous_17)","decl":{"start":{"line":68,"column":15},"end":{"line":68,"column":16}},"loc":{"start":{"line":68,"column":24},"end":{"line":85,"column":3}},"line":68},"18":{"name":"(anonymous_18)","decl":{"start":{"line":69,"column":21},"end":{"line":69,"column":22}},"loc":{"start":{"line":69,"column":37},"end":{"line":84,"column":5}},"line":69},"19":{"name":"(anonymous_19)","decl":{"start":{"line":91,"column":19},"end":{"line":91,"column":20}},"loc":{"start":{"line":91,"column":43},"end":{"line":101,"column":4}},"line":91},"20":{"name":"(anonymous_20)","decl":{"start":{"line":91,"column":60},"end":{"line":91,"column":61}},"loc":{"start":{"line":91,"column":74},"end":{"line":91,"column":87}},"line":91},"21":{"name":"(anonymous_21)","decl":{"start":{"line":92,"column":8},"end":{"line":92,"column":9}},"loc":{"start":{"line":92,"column":18},"end":{"line":101,"column":3}},"line":92}},"branchMap":{"0":{"loc":{"start":{"line":9,"column":36},"end":{"line":9,"column":57}},"type":"cond-expr","locations":[{"start":{"line":9,"column":50},"end":{"line":9,"column":53}},{"start":{"line":9,"column":56},"end":{"line":9,"column":57}}],"line":9},"1":{"loc":{"start":{"line":15,"column":4},"end":{"line":18,"column":5}},"type":"if","locations":[{"start":{"line":15,"column":4},"end":{"line":18,"column":5}},{"start":{"line":15,"column":4},"end":{"line":18,"column":5}}],"line":15},"2":{"loc":{"start":{"line":25,"column":4},"end":{"line":28,"column":5}},"type":"if","locations":[{"start":{"line":25,"column":4},"end":{"line":28,"column":5}},{"start":{"line":25,"column":4},"end":{"line":28,"column":5}}],"line":25},"3":{"loc":{"start":{"line":71,"column":6},"end":{"line":83,"column":7}},"type":"if","locations":[{"start":{"line":71,"column":6},"end":{"line":83,"column":7}},{"start":{"line":71,"column":6},"end":{"line":83,"column":7}}],"line":71},"4":{"loc":{"start":{"line":71,"column":10},"end":{"line":71,"column":49}},"type":"binary-expr","locations":[{"start":{"line":71,"column":10},"end":{"line":71,"column":13}},{"start":{"line":71,"column":17},"end":{"line":71,"column":49}}],"line":71}},"s":{"0":1,"1":7,"2":7,"3":204,"4":1,"5":4,"6":0,"7":0,"8":0,"9":0,"10":1,"11":3,"12":0,"13":0,"14":0,"15":0,"16":1,"17":1,"18":1,"19":2,"20":2,"21":2,"22":3,"23":3,"24":3,"25":1,"26":1,"27":1,"28":1,"29":1,"30":1,"31":1,"32":1,"33":3,"34":8,"35":8,"36":6,"37":6,"38":6,"39":6,"40":6,"41":6,"42":1,"43":1,"44":1,"45":1,"46":1,"47":1,"48":1,"49":1,"50":1,"51":1},"f":{"0":7,"1":204,"2":4,"3":0,"4":3,"5":0,"6":1,"7":2,"8":2,"9":2,"10":3,"11":3,"12":3,"13":1,"14":1,"15":1,"16":1,"17":3,"18":8,"19":1,"20":1,"21":1},"b":{"0":[31,173],"1":[0,0],"2":[0,0],"3":[6,2],"4":[8,7]},"_coverageSchema":"43e27e138ebf9cfc5966b082cf9a028302ed4184","hash":"e03d9d26bb3fb2e240e54cd0c510bb1661269592"}
}
