TN:
SF:F:\Hexlet\Projects\PageLoader\backend-project-lvl3\src\index.js
FN:7,(anonymous_0)
FN:9,(anonymous_1)
FN:12,(anonymous_2)
FN:14,(anonymous_3)
FN:22,(anonymous_4)
FN:24,(anonymous_5)
FN:32,(anonymous_6)
FN:41,(anonymous_7)
FN:42,(anonymous_8)
FN:42,(anonymous_9)
FN:47,(anonymous_10)
FN:52,(anonymous_11)
FN:52,(anonymous_12)
FN:57,(anonymous_13)
FN:58,(anonymous_14)
FN:58,(anonymous_15)
FN:63,(anonymous_16)
FN:68,(anonymous_17)
FN:69,(anonymous_18)
FN:91,(anonymous_19)
FN:91,(anonymous_20)
FN:92,(anonymous_21)
FNF:22
FNH:20
FNDA:7,(anonymous_0)
FNDA:204,(anonymous_1)
FNDA:4,(anonymous_2)
FNDA:0,(anonymous_3)
FNDA:3,(anonymous_4)
FNDA:0,(anonymous_5)
FNDA:1,(anonymous_6)
FNDA:2,(anonymous_7)
FNDA:2,(anonymous_8)
FNDA:2,(anonymous_9)
FNDA:3,(anonymous_10)
FNDA:3,(anonymous_11)
FNDA:3,(anonymous_12)
FNDA:1,(anonymous_13)
FNDA:1,(anonymous_14)
FNDA:1,(anonymous_15)
FNDA:1,(anonymous_16)
FNDA:3,(anonymous_17)
FNDA:8,(anonymous_18)
FNDA:1,(anonymous_19)
FNDA:1,(anonymous_20)
FNDA:1,(anonymous_21)
DA:7,1
DA:8,7
DA:9,204
DA:12,4
DA:15,0
DA:16,0
DA:17,0
DA:19,0
DA:22,3
DA:25,0
DA:26,0
DA:27,0
DA:29,0
DA:32,1
DA:37,1
DA:41,2
DA:42,2
DA:47,3
DA:52,3
DA:57,1
DA:58,1
DA:63,1
DA:64,1
DA:65,1
DA:66,1
DA:68,1
DA:69,3
DA:70,8
DA:71,8
DA:72,6
DA:73,6
DA:74,6
DA:76,6
DA:79,6
DA:82,6
DA:86,1
DA:87,1
DA:88,1
DA:91,1
DA:93,1
DA:95,1
DA:97,1
DA:99,1
LF:43
LH:35
BRDA:9,0,0,31
BRDA:9,0,1,173
BRDA:15,1,0,0
BRDA:15,1,1,0
BRDA:25,2,0,0
BRDA:25,2,1,0
BRDA:71,3,0,6
BRDA:71,3,1,2
BRDA:71,4,0,8
BRDA:71,4,1,7
BRF:10
BRH:6
end_of_record
